<?xml version="1.0" encoding="utf-8" standalone="no"?>
<test-run start-time="2022-10-20 13:34:59Z">
  <command-line><![CDATA[.\packages\NUnit.ConsoleRunner.3.15.2\tools\nunit3-console.exe  .\AST_Automation\bin\x64\Release\AST_Automation.dll --where "cat==AdditionFeature"]]></command-line>
</test-run>